[2022-04-01T18:15:46.486] [DEBUG] cheese - login => username:zs,password:1234444
[2022-04-01T18:15:46.493] [DEBUG] cheese - zs
[2022-04-01T18:15:46.518] [DEBUG] cheese - null
[2022-04-01T18:15:46.519] [DEBUG] cheese - null
[2022-04-01T18:16:55.502] [DEBUG] cheese - login => username:admin,password:123456
[2022-04-01T18:16:55.504] [DEBUG] cheese - admin
[2022-04-01T18:16:55.515] [DEBUG] cheese - null
[2022-04-01T18:16:55.515] [DEBUG] cheese - null
[2022-04-01T21:42:48.007] [DEBUG] cheese - login => username:admin,password:123455
[2022-04-01T21:42:48.008] [DEBUG] cheese - admin
[2022-04-01T21:42:48.015] [DEBUG] cheese - null
[2022-04-01T21:42:48.015] [DEBUG] cheese - null
[2022-04-01T21:43:10.948] [DEBUG] cheese - login => username:admin,password:123455
[2022-04-01T21:43:10.949] [DEBUG] cheese - admin
[2022-04-01T21:43:10.951] [DEBUG] cheese - null
[2022-04-01T21:43:10.951] [DEBUG] cheese - null
[2022-04-01T21:44:25.926] [DEBUG] cheese - login => username:12323,password:123123
[2022-04-01T21:44:25.926] [DEBUG] cheese - 12323
[2022-04-01T21:44:25.928] [DEBUG] cheese - null
[2022-04-01T21:44:25.928] [DEBUG] cheese - null
[2022-04-01T21:45:40.174] [DEBUG] cheese - login => username:admin,password:123456
[2022-04-01T21:45:40.174] [DEBUG] cheese - admin
[2022-04-01T21:45:40.176] [DEBUG] cheese - null
[2022-04-01T21:45:40.176] [DEBUG] cheese - null
[2022-04-01T21:45:53.973] [DEBUG] cheese - login => username:admin,password:111
[2022-04-01T21:45:53.973] [DEBUG] cheese - admin
[2022-04-01T21:45:53.975] [DEBUG] cheese - null
[2022-04-01T21:45:53.975] [DEBUG] cheese - null
[2022-04-01T21:46:18.271] [DEBUG] cheese - login => username:123,password:123
[2022-04-01T21:46:18.271] [DEBUG] cheese - 123
[2022-04-01T21:46:18.273] [DEBUG] cheese - null
[2022-04-01T21:46:18.273] [DEBUG] cheese - null
[2022-04-01T21:46:37.067] [DEBUG] cheese - login => username:123,password:123
[2022-04-01T21:46:37.067] [DEBUG] cheese - 123
[2022-04-01T21:46:37.070] [DEBUG] cheese - null
[2022-04-01T21:46:37.071] [DEBUG] cheese - null
[2022-04-01T21:46:49.861] [DEBUG] cheese - login => username:admin,password:123456
[2022-04-01T21:46:49.861] [DEBUG] cheese - admin
[2022-04-01T21:46:49.864] [DEBUG] cheese - null
[2022-04-01T21:46:49.864] [DEBUG] cheese - null
[2022-04-01T21:47:27.487] [DEBUG] cheese - login => username:11,password:11
[2022-04-01T21:47:27.488] [DEBUG] cheese - 11
[2022-04-01T21:47:27.490] [DEBUG] cheese - null
[2022-04-01T21:47:27.490] [DEBUG] cheese - null
[2022-04-01T21:47:31.050] [DEBUG] cheese - login => username:1123,password:1112312
[2022-04-01T21:47:31.051] [DEBUG] cheese - 1123
[2022-04-01T21:47:31.053] [DEBUG] cheese - null
[2022-04-01T21:47:31.053] [DEBUG] cheese - null
[2022-04-01T21:48:17.324] [DEBUG] cheese - login => username:123,password:123
[2022-04-01T21:48:17.324] [DEBUG] cheese - 123
[2022-04-01T21:48:17.325] [DEBUG] cheese - null
[2022-04-01T21:48:17.325] [DEBUG] cheese - null
[2022-04-01T21:48:20.370] [DEBUG] cheese - login => username:12312,password:1232
[2022-04-01T21:48:20.371] [DEBUG] cheese - 12312
[2022-04-01T21:48:20.372] [DEBUG] cheese - null
[2022-04-01T21:48:20.372] [DEBUG] cheese - null
[2022-04-01T21:49:07.521] [DEBUG] cheese - login => username:123,password:123
[2022-04-01T21:49:07.521] [DEBUG] cheese - 123
[2022-04-01T21:49:07.523] [DEBUG] cheese - null
[2022-04-01T21:49:07.523] [DEBUG] cheese - null
[2022-04-01T21:49:20.830] [DEBUG] cheese - login => username:123,password:123
[2022-04-01T21:49:20.830] [DEBUG] cheese - 123
[2022-04-01T21:49:20.833] [DEBUG] cheese - null
[2022-04-01T21:49:20.833] [DEBUG] cheese - null
[2022-04-01T21:54:45.367] [DEBUG] cheese - login => username:123,password:123
[2022-04-01T21:54:45.368] [DEBUG] cheese - 123
[2022-04-01T21:54:45.369] [DEBUG] cheese - null
[2022-04-01T21:54:45.369] [DEBUG] cheese - null
[2022-04-01T21:54:51.794] [DEBUG] cheese - login => username:admin,password:123456
[2022-04-01T21:54:51.795] [DEBUG] cheese - admin
[2022-04-01T21:54:51.797] [DEBUG] cheese - null
[2022-04-01T21:54:51.797] [DEBUG] cheese - null
[2022-04-01T21:55:36.201] [DEBUG] cheese - login => username:123,password:123
[2022-04-01T21:55:36.201] [DEBUG] cheese - 123
[2022-04-01T21:55:36.203] [DEBUG] cheese - null
[2022-04-01T21:55:36.203] [DEBUG] cheese - null
[2022-04-01T21:55:41.623] [DEBUG] cheese - login => username:admin,password:123456
[2022-04-01T21:55:41.623] [DEBUG] cheese - admin
[2022-04-01T21:55:41.625] [DEBUG] cheese - null
[2022-04-01T21:55:41.625] [DEBUG] cheese - null
[2022-04-01T22:15:16.901] [DEBUG] cheese - login => username:admin,password:123456
[2022-04-01T22:15:16.902] [DEBUG] cheese - admin
[2022-04-01T22:15:16.914] [DEBUG] cheese - null
[2022-04-01T22:15:16.915] [DEBUG] cheese - null
[2022-04-01T22:27:00.442] [DEBUG] cheese - login => username:admin,password:123456
[2022-04-01T22:27:00.442] [DEBUG] cheese - admin
[2022-04-01T22:27:00.448] [DEBUG] cheese - null
[2022-04-01T22:27:00.448] [DEBUG] cheese - null
[2022-04-02T19:02:55.146] [DEBUG] cheese - login => username:admin,password:123456
[2022-04-02T19:02:55.147] [DEBUG] cheese - admin
[2022-04-02T19:02:55.152] [DEBUG] cheese - null
[2022-04-02T19:02:55.152] [DEBUG] cheese - null
[2022-04-02T22:10:47.852] [DEBUG] cheese - login => username:admin,password:123456
[2022-04-02T22:10:47.854] [DEBUG] cheese - admin
[2022-04-02T22:10:47.863] [DEBUG] cheese - null
[2022-04-02T22:10:47.864] [DEBUG] cheese - null
[2022-04-02T22:38:18.598] [DEBUG] cheese - login => username:admin,password:123456
[2022-04-02T22:38:18.598] [DEBUG] cheese - admin
[2022-04-02T22:38:18.601] [DEBUG] cheese - null
[2022-04-02T22:38:18.601] [DEBUG] cheese - null
[2022-04-02T22:42:51.009] [DEBUG] cheese - login => username:admin,password:123456
[2022-04-02T22:42:51.010] [DEBUG] cheese - admin
[2022-04-02T22:42:51.011] [DEBUG] cheese - null
[2022-04-02T22:42:51.011] [DEBUG] cheese - null
[2022-04-03T22:47:59.975] [DEBUG] cheese - login => username:admin,password:123456
[2022-04-03T22:47:59.976] [DEBUG] cheese - admin
[2022-04-03T22:47:59.980] [DEBUG] cheese - null
[2022-04-03T22:47:59.980] [DEBUG] cheese - null
[2022-04-03T22:48:27.625] [DEBUG] cheese - login => username:admin,password:123456
[2022-04-03T22:48:27.625] [DEBUG] cheese - admin
[2022-04-03T22:48:27.628] [DEBUG] cheese - null
[2022-04-03T22:48:27.628] [DEBUG] cheese - null
[2022-04-03T22:49:30.043] [DEBUG] cheese - login => username:admin,password:123456
[2022-04-03T22:49:30.043] [DEBUG] cheese - admin
[2022-04-03T22:49:30.045] [DEBUG] cheese - null
[2022-04-03T22:49:30.045] [DEBUG] cheese - null
[2022-04-06T17:35:37.278] [DEBUG] cheese - login => username:admin,password:123456
[2022-04-06T17:35:37.278] [DEBUG] cheese - admin
[2022-04-06T17:35:37.282] [DEBUG] cheese - null
[2022-04-06T17:35:37.282] [DEBUG] cheese - null
[2022-04-06T18:13:47.756] [DEBUG] cheese - login => username:admin,password:123456
[2022-04-06T18:13:47.756] [DEBUG] cheese - admin
[2022-04-06T18:13:47.758] [DEBUG] cheese - null
[2022-04-06T18:13:47.758] [DEBUG] cheese - null
[2022-04-06T18:13:47.843] [DEBUG] cheese - login => username:admin,password:123456
[2022-04-06T18:13:47.843] [DEBUG] cheese - admin
[2022-04-06T18:13:47.846] [DEBUG] cheese - login => username:admin,password:123456
[2022-04-06T18:13:47.846] [DEBUG] cheese - admin
[2022-04-06T18:13:47.851] [DEBUG] cheese - null
[2022-04-06T18:13:47.851] [DEBUG] cheese - null
[2022-04-06T18:13:47.948] [DEBUG] cheese - null
[2022-04-06T18:13:47.948] [DEBUG] cheese - null
[2022-04-06T18:17:36.870] [DEBUG] cheese - login => username:admin,password:123456
[2022-04-06T18:17:36.870] [DEBUG] cheese - admin
[2022-04-06T18:17:36.871] [DEBUG] cheese - login => username:admin,password:123456
[2022-04-06T18:17:36.871] [DEBUG] cheese - admin
[2022-04-06T18:17:36.873] [DEBUG] cheese - login => username:admin,password:123456
[2022-04-06T18:17:36.873] [DEBUG] cheese - admin
[2022-04-06T18:17:36.882] [DEBUG] cheese - null
[2022-04-06T18:17:36.882] [DEBUG] cheese - null
[2022-04-06T18:17:36.954] [DEBUG] cheese - null
[2022-04-06T18:17:36.954] [DEBUG] cheese - null
[2022-04-06T18:17:37.026] [DEBUG] cheese - null
[2022-04-06T18:17:37.026] [DEBUG] cheese - null
[2022-04-06T19:23:37.713] [DEBUG] cheese - login => username:admin,password:123456
[2022-04-06T19:23:37.715] [DEBUG] cheese - admin
[2022-04-06T19:23:37.721] [DEBUG] cheese - null
[2022-04-06T19:23:37.722] [DEBUG] cheese - null
[2022-04-06T21:06:04.082] [DEBUG] cheese - login => username:admin,password:123456
[2022-04-06T21:06:04.082] [DEBUG] cheese - admin
[2022-04-06T21:06:04.084] [DEBUG] cheese - null
[2022-04-06T21:06:04.084] [DEBUG] cheese - null
[2022-04-07T19:03:18.771] [DEBUG] cheese - null
[2022-04-07T19:04:49.608] [DEBUG] cheese - null
[2022-04-07T19:05:13.714] [DEBUG] cheese - null
[2022-04-07T21:39:20.490] [DEBUG] cheese - login => username:admin,password:123456
[2022-04-07T21:39:20.492] [DEBUG] cheese - admin
[2022-04-07T21:39:20.504] [DEBUG] cheese - null
[2022-04-07T21:39:20.505] [DEBUG] cheese - null
[2022-04-07T22:22:04.552] [DEBUG] cheese - null
[2022-04-08T21:40:02.589] [DEBUG] cheese - login => username:admin,password:123456
[2022-04-08T21:40:02.594] [DEBUG] cheese - admin
[2022-04-08T21:40:02.606] [DEBUG] cheese - null
[2022-04-08T21:40:02.609] [DEBUG] cheese - null
[2022-04-09T14:23:08.928] [DEBUG] cheese - login => username:admin,password:123456
[2022-04-09T14:23:08.934] [DEBUG] cheese - admin
[2022-04-09T14:23:08.944] [DEBUG] cheese - null
[2022-04-09T14:23:08.945] [DEBUG] cheese - null
[2022-04-11T06:31:58.392] [DEBUG] cheese - login => username:admin,password:123456
[2022-04-11T06:31:58.397] [DEBUG] cheese - admin
[2022-04-11T06:31:58.441] [DEBUG] cheese - null
[2022-04-11T06:31:58.442] [DEBUG] cheese - null
[2022-04-11T14:21:15.164] [DEBUG] cheese - login => username:admin,password:123456
[2022-04-11T14:21:15.168] [DEBUG] cheese - admin
[2022-04-11T14:21:15.171] [DEBUG] cheese - null
[2022-04-11T14:21:15.171] [DEBUG] cheese - null
[2022-04-11T14:24:16.925] [DEBUG] cheese - login => username:admin,password:123456
[2022-04-11T14:24:16.926] [DEBUG] cheese - admin
[2022-04-11T14:24:16.929] [DEBUG] cheese - null
[2022-04-11T14:24:16.930] [DEBUG] cheese - null
[2022-04-11T21:40:25.162] [DEBUG] cheese - login => username:admin,password:123456
[2022-04-11T21:40:25.165] [DEBUG] cheese - admin
[2022-04-11T21:40:25.172] [DEBUG] cheese - null
[2022-04-11T21:40:25.174] [DEBUG] cheese - null
[2022-04-11T21:52:34.737] [DEBUG] cheese - login => username:admin,password:123456
[2022-04-11T21:52:34.737] [DEBUG] cheese - admin
[2022-04-11T21:52:34.740] [DEBUG] cheese - null
[2022-04-11T21:52:34.741] [DEBUG] cheese - null
[2022-04-12T10:09:52.805] [DEBUG] cheese - null
[2022-04-12T10:10:56.777] [DEBUG] cheese - null
[2022-04-12T10:11:02.771] [DEBUG] cheese - null
[2022-04-12T10:11:35.314] [DEBUG] cheese - null
[2022-04-12T10:11:50.196] [DEBUG] cheese - null
[2022-04-12T11:07:53.009] [DEBUG] cheese - null
[2022-04-12T11:08:07.258] [DEBUG] cheese - null
[2022-04-12T11:18:22.445] [DEBUG] cheese - null
[2022-04-12T13:06:42.932] [DEBUG] cheese - login => username:admin,password:123456
[2022-04-12T13:06:42.936] [DEBUG] cheese - admin
[2022-04-12T13:06:42.943] [DEBUG] cheese - null
[2022-04-12T13:06:42.944] [DEBUG] cheese - null
[2022-04-12T15:55:14.786] [DEBUG] cheese - login => username:admin,password:123456
[2022-04-12T15:55:14.788] [DEBUG] cheese - admin
[2022-04-12T15:55:14.791] [DEBUG] cheese - null
[2022-04-12T15:55:14.791] [DEBUG] cheese - null
[2022-04-12T22:10:50.083] [DEBUG] cheese - login => username:admin,password:123456
[2022-04-12T22:10:50.087] [DEBUG] cheese - admin
[2022-04-12T22:10:50.094] [DEBUG] cheese - null
[2022-04-12T22:10:50.095] [DEBUG] cheese - null
[2022-04-12T22:54:20.398] [DEBUG] cheese - login => username:admin,password:123456
[2022-04-12T22:54:20.401] [DEBUG] cheese - admin
[2022-04-12T22:54:20.409] [DEBUG] cheese - null
[2022-04-12T22:54:20.409] [DEBUG] cheese - null
[2022-04-12T22:55:05.099] [DEBUG] cheese - login => username:admin,password:123456
[2022-04-12T22:55:05.100] [DEBUG] cheese - admin
[2022-04-12T22:55:05.106] [DEBUG] cheese - null
[2022-04-12T22:55:05.107] [DEBUG] cheese - null
[2022-04-12T23:02:16.943] [DEBUG] cheese - login => username:admin,password:123456
[2022-04-12T23:02:16.944] [DEBUG] cheese - admin
[2022-04-12T23:02:16.947] [DEBUG] cheese - null
[2022-04-12T23:02:16.948] [DEBUG] cheese - null
[2022-04-12T23:02:35.079] [DEBUG] cheese - login => username:admin,password:123456
[2022-04-12T23:02:35.080] [DEBUG] cheese - admin
[2022-04-12T23:02:35.083] [DEBUG] cheese - null
[2022-04-12T23:02:35.084] [DEBUG] cheese - null
[2022-04-12T23:02:49.286] [DEBUG] cheese - login => username:admin,password:123456
[2022-04-12T23:02:49.286] [DEBUG] cheese - admin
[2022-04-12T23:02:49.295] [DEBUG] cheese - null
[2022-04-12T23:02:49.295] [DEBUG] cheese - null
[2022-04-13T06:46:26.698] [DEBUG] cheese - login => username:admin,password:123456
[2022-04-13T06:46:26.698] [DEBUG] cheese - admin
[2022-04-13T06:46:26.703] [DEBUG] cheese - null
[2022-04-13T06:46:26.703] [DEBUG] cheese - null
[2022-04-13T06:46:37.538] [DEBUG] cheese - login => username:admin,password:123456
[2022-04-13T06:46:37.539] [DEBUG] cheese - admin
[2022-04-13T06:46:37.543] [DEBUG] cheese - null
[2022-04-13T06:46:37.543] [DEBUG] cheese - null
[2022-04-13T07:07:24.143] [DEBUG] cheese - login => username:admin,password:123456
[2022-04-13T07:07:24.143] [DEBUG] cheese - admin
[2022-04-13T07:07:24.150] [DEBUG] cheese - null
[2022-04-13T07:07:24.150] [DEBUG] cheese - null
[2022-04-13T07:13:30.955] [DEBUG] cheese - login => username:admin,password:123456
[2022-04-13T07:13:30.956] [DEBUG] cheese - admin
[2022-04-13T07:13:30.960] [DEBUG] cheese - null
[2022-04-13T07:13:30.961] [DEBUG] cheese - null
[2022-04-13T07:22:14.374] [DEBUG] cheese - login => username:admin,password:123456
[2022-04-13T07:22:14.374] [DEBUG] cheese - admin
[2022-04-13T07:22:14.377] [DEBUG] cheese - null
[2022-04-13T07:22:14.378] [DEBUG] cheese - null
[2022-04-13T07:27:53.415] [DEBUG] cheese - login => username:admin,password:123456
[2022-04-13T07:27:53.415] [DEBUG] cheese - admin
[2022-04-13T07:27:53.419] [DEBUG] cheese - null
[2022-04-13T07:27:53.419] [DEBUG] cheese - null
[2022-04-13T07:49:24.088] [DEBUG] cheese - login => username:admin,password:123456
[2022-04-13T07:49:24.088] [DEBUG] cheese - admin
[2022-04-13T07:49:24.093] [DEBUG] cheese - null
[2022-04-13T07:49:24.093] [DEBUG] cheese - null
[2022-04-13T07:54:17.958] [DEBUG] cheese - login => username:admin,password:123456
[2022-04-13T07:54:17.958] [DEBUG] cheese - admin
[2022-04-13T07:54:17.960] [DEBUG] cheese - null
[2022-04-13T07:54:17.961] [DEBUG] cheese - null
[2022-04-13T08:00:56.395] [DEBUG] cheese - login => username:admin,password:123456
[2022-04-13T08:00:56.395] [DEBUG] cheese - admin
[2022-04-13T08:00:56.397] [DEBUG] cheese - null
[2022-04-13T08:00:56.397] [DEBUG] cheese - null
[2022-04-14T08:54:11.216] [DEBUG] cheese - login => username:admin,password:123456
[2022-04-14T08:54:11.221] [DEBUG] cheese - admin
[2022-04-14T08:54:11.267] [DEBUG] cheese - null
[2022-04-14T08:54:11.269] [DEBUG] cheese - null
